yarn run v1.22.19
$ prettier --write . && eslint . --fix
.eslintrc.json 58ms
.expo-shared/assets.json 3ms
.prettierrc.json 3ms
.vscode/settings.json 3ms
app.json 6ms
App.tsx 439ms
babel.config.js 18ms
components/__tests__/StyledText-test.js 12ms
components/badge/index.tsx 18ms
components/cityList/index.tsx 16ms
components/cityListItem/index.tsx 16ms
components/EditScreenInfo.tsx 20ms
components/generic/imageCarousel.tsx 29ms
components/generic/textInput.tsx 10ms
components/keyValueList.tsx 11ms
components/porpertyListItem/index.tsx 22ms
components/propertyDetail/bottomActions.tsx 16ms
components/propertyDetail/propertyFeatures.tsx 7ms
components/propertyList/index.tsx 11ms
components/StyledText.tsx 5ms
components/Themed.tsx 14ms
constants/Colors.ts 5ms
constants/Layout.ts 4ms
hooks/useCachedResources.ts 10ms
hooks/useColorScheme.ts 4ms
locale.tsx 6ms
navigation/index.tsx 24ms
navigation/LinkingConfiguration.ts 8ms
package.json 4ms
screens/AddPropertyScreen.tsx 33ms
screens/AppointmentScreen.tsx 22ms
screens/HomeScreen.tsx 10ms
screens/ModalScreen.tsx 7ms
screens/PropertyDetailScreen.tsx 25ms
tsconfig.json 4ms
types.tsx 8ms
Done in 9.07s.
